<?xml version="1.0" encoding="UTF-8"?>
<testsuite xmlns:xsi="http://www.w3.org/2001/XMLSchema-instance" xsi:noNamespaceSchemaLocation="https://maven.apache.org/surefire/maven-surefire-plugin/xsd/surefire-test-report-3.0.xsd" version="3.0" name="com.portfolio.backend.modulo_portfolio.web.PortfolioAdminControllerIT" time="18.986" tests="2" errors="0" skipped="0" failures="0">
  <properties>
[...]
</properties>
  <testcase name="testFluxoCriacaoProjetoComIdempotencia" classname="com.portfolio.backend.modulo_portfolio.web.PortfolioAdminControllerIT" time="0.571">
    <system-out><![CDATA[20:49:15.007 [main] INFO org.springframework.test.context.support.AnnotationConfigContextLoaderUtils -- Could not detect default configuration classes for test class [com.portfolio.backend.modulo_portfolio.web.PortfolioAdminControllerIT]: PortfolioAdminControllerIT does not declare any static, non-private, non-final, nested classes annotated with @Configuration.
20:49:15.175 [main] INFO org.springframework.boot.test.context.SpringBootTestContextBootstrapper -- Found @SpringBootConfiguration com.portfolio.backend.BackendApplication for test class com.portfolio.backend.modulo_portfolio.web.PortfolioAdminControllerIT
20:49:15.357 [main] INFO org.testcontainers.images.PullPolicy -- Image pull policy will be performed by: DefaultPullPolicy()
20:49:15.361 [main] INFO org.testcontainers.utility.ImageNameSubstitutor -- Image name substitution will be performed by: DefaultImageNameSubstitutor (composite of 'ConfigurationFileImageNameSubstitutor' and 'PrefixingImageNameSubstitutor')
20:49:15.375 [main] INFO org.testcontainers.DockerClientFactory -- Testcontainers version: 1.20.4
20:49:16.054 [main] INFO org.testcontainers.dockerclient.DockerClientProviderStrategy -- Found Docker environment with Environment variables, system properties and defaults. Resolved dockerHost=npipe:////./pipe/docker_engine
20:49:16.057 [main] INFO org.testcontainers.DockerClientFactory -- Docker host IP address is localhost
20:49:16.093 [main] INFO org.testcontainers.DockerClientFactory -- Connected to docker: 
  Server Version: 29.2.0
  API Version: 1.53
  Operating System: Docker Desktop
  Total Memory: 15642 MB
  Labels: 
    com.docker.desktop.address=npipe://\\.\pipe\docker_cli
20:49:16.249 [main] INFO tc.testcontainers/ryuk:0.11.0 -- Creating container for image: testcontainers/ryuk:0.11.0
20:49:16.511 [main] INFO org.testcontainers.utility.RegistryAuthLocator -- Credential helper/store (docker-credential-desktop) does not have credentials for https://index.docker.io/v1/
20:49:16.772 [main] INFO tc.testcontainers/ryuk:0.11.0 -- Container testcontainers/ryuk:0.11.0 is starting: e93c381784af596866fdd2f5022bebbd25c7e1949d91ee66b2533384632bf640
20:49:17.567 [main] INFO tc.testcontainers/ryuk:0.11.0 -- Container testcontainers/ryuk:0.11.0 started in PT1.3190418S
20:49:17.583 [main] INFO org.testcontainers.utility.RyukResourceReaper -- Ryuk started - will monitor and terminate Testcontainers containers on JVM exit
20:49:17.583 [main] INFO org.testcontainers.DockerClientFactory -- Checking the system...
20:49:17.584 [main] INFO org.testcontainers.DockerClientFactory -- ✔︎ Docker server version should be at least 1.6.0
20:49:17.584 [main] INFO tc.postgres:16-alpine -- Creating container for image: postgres:16-alpine
20:49:17.805 [main] INFO tc.postgres:16-alpine -- Container postgres:16-alpine is starting: 511cbda25f2f1cade9184d32dec84d711e62983637b2d73894ae2c977cb1640d
20:49:24.202 [main] INFO tc.postgres:16-alpine -- Container postgres:16-alpine started in PT6.6180621S
20:49:24.202 [main] INFO tc.postgres:16-alpine -- Container is started (JDBC URL: jdbc:postgresql://localhost:50437/testdb?loggerLevel=OFF)
  .   ____          _            __ _ _
 /\\ / ___'_ __ _ _(_)_ __  __ _ \ \ \ \
( ( )\___ | '_ | '_| | '_ \/ _` | \ \ \ \
 \\/  ___)| |_)| | | | | || (_| |  ) ) ) )
  '  |____| .__|_| |_|_| |_\__, | / / / /
 =========|_|==============|___/=/_/_/_/

 :: Spring Boot ::                (v3.3.0)

{"@timestamp":"2026-06-17T00:49:24.9424789Z","timestamp":"2026-06-17T00:49:24.942Z","level":"INFO","thread":"main","logger":"com.portfolio.backend.modulo_portfolio.web.PortfolioAdminControllerIT","message":"Starting PortfolioAdminControllerIT using Java 21.0.10 with PID 26832 (started by micha in D:\\projetos\\ws-portfolio\\landingpage\\backend)","traceId":"","exception":""}
{"@timestamp":"2026-06-17T00:49:24.9479069Z","timestamp":"2026-06-17T00:49:24.947Z","level":"DEBUG","thread":"main","logger":"com.portfolio.backend.modulo_portfolio.web.PortfolioAdminControllerIT","message":"Running with Spring Boot v3.3.0, Spring v6.1.8","traceId":"","exception":""}
{"@timestamp":"2026-06-17T00:49:24.9489185Z","timestamp":"2026-06-17T00:49:24.948Z","level":"INFO","thread":"main","logger":"com.portfolio.backend.modulo_portfolio.web.PortfolioAdminControllerIT","message":"No active profile set, falling back to 1 default profile: \"default\"","traceId":"","exception":""}
{"@timestamp":"2026-06-17T00:49:25.8020996Z","timestamp":"2026-06-17T00:49:25.802Z","level":"INFO","thread":"main","logger":"org.springframework.data.repository.config.RepositoryConfigurationDelegate","message":"Multiple Spring Data modules found, entering strict repository configuration mode","traceId":"","exception":""}
{"@timestamp":"2026-06-17T00:49:25.8044258Z","timestamp":"2026-06-17T00:49:25.804Z","level":"INFO","thread":"main","logger":"org.springframework.data.repository.config.RepositoryConfigurationDelegate","message":"Bootstrapping Spring Data JPA repositories in DEFAULT mode.","traceId":"","exception":""}
{"@timestamp":"2026-06-17T00:49:25.9427982Z","timestamp":"2026-06-17T00:49:25.942Z","level":"INFO","thread":"main","logger":"org.springframework.data.repository.config.RepositoryConfigurationDelegate","message":"Finished Spring Data repository scanning in 131 ms. Found 3 JPA repository interfaces.","traceId":"","exception":""}
{"@timestamp":"2026-06-17T00:49:27.3389009Z","timestamp":"2026-06-17T00:49:27.338Z","level":"INFO","thread":"main","logger":"com.zaxxer.hikari.HikariDataSource","message":"HikariPool-1 - Starting...","traceId":"","exception":""}
{"@timestamp":"2026-06-17T00:49:27.5903064Z","timestamp":"2026-06-17T00:49:27.590Z","level":"INFO","thread":"main","logger":"com.zaxxer.hikari.pool.HikariPool","message":"HikariPool-1 - Added connection org.postgresql.jdbc.PgConnection@66ad7167","traceId":"","exception":""}
{"@timestamp":"2026-06-17T00:49:27.5929468Z","timestamp":"2026-06-17T00:49:27.592Z","level":"INFO","thread":"main","logger":"com.zaxxer.hikari.HikariDataSource","message":"HikariPool-1 - Start completed.","traceId":"","exception":""}
{"@timestamp":"2026-06-17T00:49:27.6485206Z","timestamp":"2026-06-17T00:49:27.648Z","level":"INFO","thread":"main","logger":"org.flywaydb.core.FlywayExecutor","message":"Database: jdbc:postgresql://localhost:50437/testdb (PostgreSQL 16.13)","traceId":"","exception":""}
{"@timestamp":"2026-06-17T00:49:27.7640392Z","timestamp":"2026-06-17T00:49:27.764Z","level":"INFO","thread":"main","logger":"org.flywaydb.core.internal.schemahistory.JdbcTableSchemaHistory","message":"Schema history table \"public\".\"flyway_schema_history\" does not exist yet","traceId":"","exception":""}
{"@timestamp":"2026-06-17T00:49:27.7762651Z","timestamp":"2026-06-17T00:49:27.776Z","level":"INFO","thread":"main","logger":"org.flywaydb.core.internal.command.DbValidate","message":"Successfully validated 1 migration (execution time 00:00.062s)","traceId":"","exception":""}
{"@timestamp":"2026-06-17T00:49:27.8387104Z","timestamp":"2026-06-17T00:49:27.838Z","level":"INFO","thread":"main","logger":"org.flywaydb.core.internal.schemahistory.JdbcTableSchemaHistory","message":"Creating Schema History table \"public\".\"flyway_schema_history\" ...","traceId":"","exception":""}
{"@timestamp":"2026-06-17T00:49:27.9462384Z","timestamp":"2026-06-17T00:49:27.946Z","level":"INFO","thread":"main","logger":"org.flywaydb.core.internal.command.DbMigrate","message":"Current version of schema \"public\": << Empty Schema >>","traceId":"","exception":""}
{"@timestamp":"2026-06-17T00:49:27.9755493Z","timestamp":"2026-06-17T00:49:27.975Z","level":"INFO","thread":"main","logger":"org.flywaydb.core.internal.command.DbMigrate","message":"Migrating schema \"public\" to version \"1.1 - portfolio criar tabelas iniciais\"","traceId":"","exception":""}
{"@timestamp":"2026-06-17T00:49:28.1107Z","timestamp":"2026-06-17T00:49:28.110Z","level":"INFO","thread":"main","logger":"org.flywaydb.core.internal.command.DbMigrate","message":"Successfully applied 1 migration to schema \"public\", now at version v1.1 (execution time 00:00.075s)","traceId":"","exception":""}
{"@timestamp":"2026-06-17T00:49:28.3248771Z","timestamp":"2026-06-17T00:49:28.324Z","level":"INFO","thread":"main","logger":"org.hibernate.jpa.internal.util.LogHelper","message":"HHH000204: Processing PersistenceUnitInfo [name: default]","traceId":"","exception":""}
{"@timestamp":"2026-06-17T00:49:28.4520359Z","timestamp":"2026-06-17T00:49:28.452Z","level":"INFO","thread":"main","logger":"org.hibernate.Version","message":"HHH000412: Hibernate ORM core version 6.5.2.Final","traceId":"","exception":""}
{"@timestamp":"2026-06-17T00:49:28.5707518Z","timestamp":"2026-06-17T00:49:28.570Z","level":"INFO","thread":"main","logger":"org.hibernate.cache.internal.RegionFactoryInitiator","message":"HHH000026: Second-level cache disabled","traceId":"","exception":""}
{"@timestamp":"2026-06-17T00:49:28.7615009Z","timestamp":"2026-06-17T00:49:28.761Z","level":"INFO","thread":"main","logger":"org.springframework.orm.jpa.persistenceunit.SpringPersistenceUnitInfo","message":"No LoadTimeWeaver setup: ignoring JPA class transformer","traceId":"","exception":""}
{"@timestamp":"2026-06-17T00:49:28.8425371Z","timestamp":"2026-06-17T00:49:28.842Z","level":"WARN","thread":"main","logger":"org.hibernate.orm.deprecation","message":"HHH90000025: PostgreSQLDialect does not need to be specified explicitly using 'hibernate.dialect' (remove the property setting and it will be selected by default)","traceId":"","exception":""}
{"@timestamp":"2026-06-17T00:49:29.908142Z","timestamp":"2026-06-17T00:49:29.908Z","level":"INFO","thread":"main","logger":"org.hibernate.engine.transaction.jta.platform.internal.JtaPlatformInitiator","message":"HHH000489: No JTA platform available (set 'hibernate.transaction.jta.platform' to enable JTA platform integration)","traceId":"","exception":""}
{"@timestamp":"2026-06-17T00:49:29.9665839Z","timestamp":"2026-06-17T00:49:29.966Z","level":"INFO","thread":"main","logger":"org.springframework.orm.jpa.LocalContainerEntityManagerFactoryBean","message":"Initialized JPA EntityManagerFactory for persistence unit 'default'","traceId":"","exception":""}
{"@timestamp":"2026-06-17T00:49:30.3469759Z","timestamp":"2026-06-17T00:49:30.346Z","level":"INFO","thread":"main","logger":"org.springframework.data.jpa.repository.query.QueryEnhancerFactory","message":"Hibernate is in classpath; If applicable, HQL parser will be used.","traceId":"","exception":""}
{"@timestamp":"2026-06-17T00:49:30.9793818Z","timestamp":"2026-06-17T00:49:30.979Z","level":"WARN","thread":"main","logger":"org.springframework.boot.autoconfigure.security.servlet.UserDetailsServiceAutoConfiguration","message":"\r\n\r\nUsing generated security password: 24744fdf-3375-4179-a875-c73a33f84afb\r\n\r\nThis generated password is for development use only. Your security configuration must be updated before running your application in production.\r\n","traceId":"","exception":""}
{"@timestamp":"2026-06-17T00:49:31.0203233Z","timestamp":"2026-06-17T00:49:31.020Z","level":"INFO","thread":"main","logger":"org.springframework.security.config.annotation.authentication.configuration.InitializeUserDetailsBeanManagerConfigurer$InitializeUserDetailsManagerConfigurer","message":"Global AuthenticationManager configured with UserDetailsService bean with name inMemoryUserDetailsManager","traceId":"","exception":""}
{"@timestamp":"2026-06-17T00:49:31.4176374Z","timestamp":"2026-06-17T00:49:31.417Z","level":"INFO","thread":"main","logger":"org.springframework.security.web.DefaultSecurityFilterChain","message":"Will secure any request with [org.springframework.security.web.session.DisableEncodeUrlFilter@11088420, org.springframework.security.web.context.request.async.WebAsyncManagerIntegrationFilter@7eba3b90, org.springframework.security.web.context.SecurityContextHolderFilter@548051d7, org.springframework.security.web.header.HeaderWriterFilter@27b8daa1, org.springframework.web.filter.CorsFilter@54d0724f, org.springframework.security.web.authentication.logout.LogoutFilter@7190b5ce, org.springframework.security.web.authentication.www.BasicAuthenticationFilter@389ae8f1, org.springframework.security.web.savedrequest.RequestCacheAwareFilter@51761e07, org.springframework.security.web.servletapi.SecurityContextHolderAwareRequestFilter@65ec90d5, org.springframework.security.web.authentication.AnonymousAuthenticationFilter@1dfa18a6, org.springframework.security.web.access.ExceptionTranslationFilter@25712d03, org.springframework.security.web.access.intercept.AuthorizationFilter@47786165]","traceId":"","exception":""}
{"@timestamp":"2026-06-17T00:49:32.327837Z","timestamp":"2026-06-17T00:49:32.327Z","level":"INFO","thread":"main","logger":"org.springframework.boot.test.mock.web.SpringBootMockServletContext","message":"Initializing Spring TestDispatcherServlet ''","traceId":"","exception":""}
{"@timestamp":"2026-06-17T00:49:32.327837Z","timestamp":"2026-06-17T00:49:32.327Z","level":"INFO","thread":"main","logger":"org.springframework.test.web.servlet.TestDispatcherServlet","message":"Initializing Servlet ''","traceId":"","exception":""}
{"@timestamp":"2026-06-17T00:49:32.3296931Z","timestamp":"2026-06-17T00:49:32.329Z","level":"INFO","thread":"main","logger":"org.springframework.test.web.servlet.TestDispatcherServlet","message":"Completed initialization in 2 ms","traceId":"","exception":""}
{"@timestamp":"2026-06-17T00:49:32.3535315Z","timestamp":"2026-06-17T00:49:32.353Z","level":"INFO","thread":"main","logger":"com.portfolio.backend.modulo_portfolio.web.PortfolioAdminControllerIT","message":"Started PortfolioAdminControllerIT in 8.117 seconds (process running for 20.233)","traceId":"","exception":""}
{"@timestamp":"2026-06-17T00:49:32.6536899Z","timestamp":"2026-06-17T00:49:32.653Z","level":"DEBUG","thread":"main","logger":"org.hibernate.SQL","message":"\r\n    select\r\n        p1_0.id,\r\n        p1_0.data_desenvolvimento,\r\n        p1_0.descricao,\r\n        p1_0.link_producao,\r\n        p1_0.link_repositorio,\r\n        p1_0.titulo,\r\n        p1_0.url_capa,\r\n        p1_0.versao \r\n    from\r\n        projeto p1_0","traceId":"","exception":""}
Hibernate: 
    select
        p1_0.id,
        p1_0.data_desenvolvimento,
        p1_0.descricao,
        p1_0.link_producao,
        p1_0.link_repositorio,
        p1_0.titulo,
        p1_0.url_capa,
        p1_0.versao 
    from
        projeto p1_0
{"@timestamp":"2026-06-17T00:49:32.9141583Z","timestamp":"2026-06-17T00:49:32.914Z","level":"DEBUG","thread":"main","logger":"org.hibernate.SQL","message":"\r\n    insert \r\n    into\r\n        projeto\r\n        (data_desenvolvimento, descricao, link_producao, link_repositorio, titulo, url_capa, versao, id) \r\n    values\r\n        (?, ?, ?, ?, ?, ?, ?, ?)","traceId":"trace-id-999","exception":""}
Hibernate: 
    insert 
    into
        projeto
        (data_desenvolvimento, descricao, link_producao, link_repositorio, titulo, url_capa, versao, id) 
    values
        (?, ?, ?, ?, ?, ?, ?, ?)
{"@timestamp":"2026-06-17T00:49:33.0237493Z","timestamp":"2026-06-17T00:49:33.023Z","level":"DEBUG","thread":"main","logger":"org.hibernate.SQL","message":"\r\n    select\r\n        p1_0.id,\r\n        p1_0.data_desenvolvimento,\r\n        p1_0.descricao,\r\n        p1_0.link_producao,\r\n        p1_0.link_repositorio,\r\n        p1_0.titulo,\r\n        p1_0.url_capa,\r\n        p1_0.versao \r\n    from\r\n        projeto p1_0","traceId":"","exception":""}
Hibernate: 
    select
        p1_0.id,
        p1_0.data_desenvolvimento,
        p1_0.descricao,
        p1_0.link_producao,
        p1_0.link_repositorio,
        p1_0.titulo,
        p1_0.url_capa,
        p1_0.versao 
    from
        projeto p1_0
{"@timestamp":"2026-06-17T00:49:33.0858136Z","timestamp":"2026-06-17T00:49:33.085Z","level":"DEBUG","thread":"main","logger":"org.hibernate.SQL","message":"\r\n    select\r\n        count(*) \r\n    from\r\n        projeto p1_0","traceId":"","exception":""}
Hibernate: 
    select
        count(*) 
    from
        projeto p1_0
]]></system-out>
  </testcase>
  <testcase name="testCriacaoProjetoSemIdempotencyKey_RetornaBadRequest" classname="com.portfolio.backend.modulo_portfolio.web.PortfolioAdminControllerIT" time="0.069">
    <system-out><![CDATA[{"@timestamp":"2026-06-17T00:49:33.1096336Z","timestamp":"2026-06-17T00:49:33.109Z","level":"DEBUG","thread":"main","logger":"org.hibernate.SQL","message":"\r\n    select\r\n        p1_0.id,\r\n        p1_0.data_desenvolvimento,\r\n        p1_0.descricao,\r\n        p1_0.link_producao,\r\n        p1_0.link_repositorio,\r\n        p1_0.titulo,\r\n        p1_0.url_capa,\r\n        p1_0.versao \r\n    from\r\n        projeto p1_0","traceId":"","exception":""}
Hibernate: 
    select
        p1_0.id,
        p1_0.data_desenvolvimento,
        p1_0.descricao,
        p1_0.link_producao,
        p1_0.link_repositorio,
        p1_0.titulo,
        p1_0.url_capa,
        p1_0.versao 
    from
        projeto p1_0
{"@timestamp":"2026-06-17T00:49:33.1295681Z","timestamp":"2026-06-17T00:49:33.129Z","level":"DEBUG","thread":"main","logger":"org.hibernate.SQL","message":"\r\n    delete \r\n    from\r\n        projeto_tecnologia \r\n    where\r\n        projeto_id=?","traceId":"","exception":""}
Hibernate: 
    delete 
    from
        projeto_tecnologia 
    where
        projeto_id=?
{"@timestamp":"2026-06-17T00:49:33.1404777Z","timestamp":"2026-06-17T00:49:33.140Z","level":"DEBUG","thread":"main","logger":"org.hibernate.SQL","message":"\r\n    delete \r\n    from\r\n        projeto \r\n    where\r\n        id=? \r\n        and versao=?","traceId":"","exception":""}
Hibernate: 
    delete 
    from
        projeto 
    where
        id=? 
        and versao=?
{"@timestamp":"2026-06-17T00:49:33.1590715Z","timestamp":"2026-06-17T00:49:33.159Z","level":"DEBUG","thread":"main","logger":"org.hibernate.SQL","message":"\r\n    select\r\n        p1_0.id,\r\n        p1_0.data_desenvolvimento,\r\n        p1_0.descricao,\r\n        p1_0.link_producao,\r\n        p1_0.link_repositorio,\r\n        p1_0.titulo,\r\n        p1_0.url_capa,\r\n        p1_0.versao \r\n    from\r\n        projeto p1_0","traceId":"","exception":""}
Hibernate: 
    select
        p1_0.id,
        p1_0.data_desenvolvimento,
        p1_0.descricao,
        p1_0.link_producao,
        p1_0.link_repositorio,
        p1_0.titulo,
        p1_0.url_capa,
        p1_0.versao 
    from
        projeto p1_0
]]></system-out>
  </testcase>
</testsuite>